<?xml version="1.0" encoding="UTF-8"?>
<!-- Generated by org.testng.reporters.JUnitReportReporter -->
<testsuite hostname="DESKTOP-FR6RTA1" failures="0" tests="1" name="test_selenium.NewTest1" time="0.005" errors="0" timestamp="2024-03-08T15:41:03 IST" skipped="0">
  <testcase classname="test_selenium.NewTest1" name="f" time="0.005"/>
</testsuite> <!-- test_selenium.NewTest1 -->
