<?xml version="1.0" encoding="UTF-8"?>
<!-- Generated by org.testng.reporters.JUnitReportReporter -->
<testsuite hostname="DESKTOP-FR6RTA1" failures="0" tests="1" name="test_selenium.TestNG_Test" time="0.009" errors="0" timestamp="2024-03-08T15:41:03 IST" skipped="0">
  <testcase classname="test_selenium.TestNG_Test" name="name" time="0.009"/>
</testsuite> <!-- test_selenium.TestNG_Test -->
