<?xml version="1.0" encoding="UTF-8"?>
<!-- Generated by org.testng.reporters.JUnitReportReporter -->
<testsuite hostname="DESKTOP-FR6RTA1" failures="0" tests="3" name="test_selenium.NewTest" time="0.036" errors="0" timestamp="2024-03-08T15:41:03 IST" skipped="0">
  <testcase classname="test_selenium.NewTest" name="g" time="0.011"/>
  <testcase classname="test_selenium.NewTest" name="f" time="0.015"/>
  <testcase classname="test_selenium.NewTest" name="h" time="0.010"/>
</testsuite> <!-- test_selenium.NewTest -->
